<?xml version="1.0" encoding="UTF-8"?>
<testng-results ignored="0" total="1" passed="1" failed="0" skipped="0">
  <reporter-output>
  </reporter-output>
  <suite started-at="2023-04-24T10:50:26 IST" name="Default suite" finished-at="2023-04-24T10:51:18 IST" duration-ms="51593">
    <groups>
      <group name="cucumber">
        <method signature="AbstractTestNGCucumberTests.runScenario(io.cucumber.testng.PickleWrapper,io.cucumber.testng.FeatureWrapper)[pri:0, instance:testrunners.Test_Runner_UI@35b74c5c]" name="runScenario" class="io.cucumber.testng.AbstractTestNGCucumberTests"/>
      </group> <!-- cucumber -->
    </groups>
    <test started-at="2023-04-24T10:50:26 IST" name="Default test" finished-at="2023-04-24T10:51:18 IST" duration-ms="51593">
      <class name="testrunners.Test_Runner_UI">
        <test-method is-config="true" signature="setUpClass(org.testng.ITestContext)[pri:0, instance:testrunners.Test_Runner_UI@35b74c5c]" started-at="2023-04-24T10:50:26 IST" name="setUpClass" finished-at="2023-04-24T10:50:28 IST" duration-ms="1520" status="PASS">
          <params>
            <param index="0">
              <value>
                <![CDATA[org.testng.TestRunner@647ce968]]>
              </value>
            </param>
          </params>
          <reporter-output>
          </reporter-output>
        </test-method> <!-- setUpClass -->
        <test-method signature="runScenario(io.cucumber.testng.PickleWrapper,io.cucumber.testng.FeatureWrapper)[pri:0, instance:testrunners.Test_Runner_UI@35b74c5c]" started-at="2023-04-24T10:50:28 IST" name="runScenario" description="Runs Cucumber Scenarios" data-provider="scenarios" finished-at="2023-04-24T10:51:15 IST" duration-ms="47044" status="PASS">
          <params>
            <param index="0">
              <value>
                <![CDATA["E-Commerce end-to-end flow"]]>
              </value>
            </param>
            <param index="1">
              <value>
                <![CDATA["Ease My Trip Flight Booking"]]>
              </value>
            </param>
          </params>
          <reporter-output>
          </reporter-output>
        </test-method> <!-- runScenario -->
        <test-method is-config="true" signature="tearDownClass()[pri:0, instance:testrunners.Test_Runner_UI@35b74c5c]" started-at="2023-04-24T10:51:15 IST" name="tearDownClass" finished-at="2023-04-24T10:51:18 IST" duration-ms="2854" status="PASS">
          <reporter-output>
          </reporter-output>
        </test-method> <!-- tearDownClass -->
      </class> <!-- testrunners.Test_Runner_UI -->
    </test> <!-- Default test -->
  </suite> <!-- Default suite -->
</testng-results>
